GROUP,PACKAGE,CLASS,INSTRUCTION_MISSED,INSTRUCTION_COVERED,BRANCH_MISSED,BRANCH_COVERED,LINE_MISSED,LINE_COVERED,COMPLEXITY_MISSED,COMPLEXITY_COVERED,METHOD_MISSED,METHOD_COVERED
mineSweeperOOP,com.tsi.training.kahtan.minesweeperoop,Board,123,0,12,0,29,0,9,0,3,0
mineSweeperOOP,com.tsi.training.kahtan.minesweeperoop,Tile,7,23,0,0,3,9,2,5,2,5
mineSweeperOOP,com.tsi.training.kahtan.minesweeperoop,AbusMinesweeper,13,0,0,0,5,0,2,0,2,0
mineSweeperOOP,com.tsi.training.kahtan.minesweeperoop,SchrodingersTile,40,23,16,0,10,8,10,5,2,5
